<?xml version="1.0" encoding="UTF-8"?>
<!-- Generated by org.testng.reporters.JUnitReportReporter -->
<testsuite hostname="ZMBLRCHAKRAPANI" name="CloudThing.Assignment.ScrollViewDemo" tests="1" failures="0" timestamp="16 Jun 2020 12:55:59 GMT" time="15.672" errors="0">
  <testcase name="scrollTest" time="15.672" classname="CloudThing.Assignment.ScrollViewDemo"/>
</testsuite> <!-- CloudThing.Assignment.ScrollViewDemo -->
