<?xml version="1.0" encoding="UTF-8"?>
<!-- Generated by org.testng.reporters.JUnitReportReporter -->
<testsuite hostname="ZMBLRCHAKRAPANI" name="CloudThing.Assignment.TestCloudThings" tests="1" failures="0" timestamp="14 Aug 2020 13:06:30 GMT" time="17.586" errors="0">
  <testcase name="getCloudThing" time="17.586" classname="CloudThing.Assignment.TestCloudThings"/>
</testsuite> <!-- CloudThing.Assignment.TestCloudThings -->
